F:\UIU GOOGLE DRIVE  MALI152196@BSCSE.UIU.AC.BD\SUBJECTWISE RESOURCES CSE UIU\APL LAB -CSI 124\IGRAPHICS PRACTISE PROJECT\BALL AND SHOOT FOR ADIL\GRAPHICSEXTENDED\DEBUG\VC110.PDB
F:\UIU GOOGLE DRIVE  MALI152196@BSCSE.UIU.AC.BD\SUBJECTWISE RESOURCES CSE UIU\APL LAB -CSI 124\IGRAPHICS PRACTISE PROJECT\BALL AND SHOOT FOR ADIL\GRAPHICSEXTENDED\DEBUG\SOURCE.OBJ
F:\UIU GOOGLE DRIVE  MALI152196@BSCSE.UIU.AC.BD\SUBJECTWISE RESOURCES CSE UIU\APL LAB -CSI 124\IGRAPHICS PRACTISE PROJECT\BALL AND SHOOT FOR ADIL\DEBUG\GRAPHICSEXTENDED.ILK
F:\UIU GOOGLE DRIVE  MALI152196@BSCSE.UIU.AC.BD\SUBJECTWISE RESOURCES CSE UIU\APL LAB -CSI 124\IGRAPHICS PRACTISE PROJECT\BALL AND SHOOT FOR ADIL\DEBUG\GRAPHICSEXTENDED.EXE
F:\UIU GOOGLE DRIVE  MALI152196@BSCSE.UIU.AC.BD\SUBJECTWISE RESOURCES CSE UIU\APL LAB -CSI 124\IGRAPHICS PRACTISE PROJECT\BALL AND SHOOT FOR ADIL\DEBUG\GRAPHICSEXTENDED.PDB
F:\UIU GOOGLE DRIVE  mali152196@bscse.uiu.ac.bd\SUBJECTWISE RESOURCES CSE UIU\APL LAB -CSI 124\igraphics practise project\ball and shoot for adil\GraphicsExtended\Debug\Source.obj
F:\UIU GOOGLE DRIVE  mali152196@bscse.uiu.ac.bd\SUBJECTWISE RESOURCES CSE UIU\APL LAB -CSI 124\igraphics practise project\ball and shoot for adil\GraphicsExtended\Debug\cl.command.1.tlog
F:\UIU GOOGLE DRIVE  mali152196@bscse.uiu.ac.bd\SUBJECTWISE RESOURCES CSE UIU\APL LAB -CSI 124\igraphics practise project\ball and shoot for adil\GraphicsExtended\Debug\CL.read.1.tlog
F:\UIU GOOGLE DRIVE  mali152196@bscse.uiu.ac.bd\SUBJECTWISE RESOURCES CSE UIU\APL LAB -CSI 124\igraphics practise project\ball and shoot for adil\GraphicsExtended\Debug\CL.write.1.tlog
F:\UIU GOOGLE DRIVE  mali152196@bscse.uiu.ac.bd\SUBJECTWISE RESOURCES CSE UIU\APL LAB -CSI 124\igraphics practise project\ball and shoot for adil\GraphicsExtended\Debug\link-cvtres.read.1.tlog
F:\UIU GOOGLE DRIVE  mali152196@bscse.uiu.ac.bd\SUBJECTWISE RESOURCES CSE UIU\APL LAB -CSI 124\igraphics practise project\ball and shoot for adil\GraphicsExtended\Debug\link-cvtres.write.1.tlog
F:\UIU GOOGLE DRIVE  mali152196@bscse.uiu.ac.bd\SUBJECTWISE RESOURCES CSE UIU\APL LAB -CSI 124\igraphics practise project\ball and shoot for adil\GraphicsExtended\Debug\link-rc.read.1.tlog
F:\UIU GOOGLE DRIVE  mali152196@bscse.uiu.ac.bd\SUBJECTWISE RESOURCES CSE UIU\APL LAB -CSI 124\igraphics practise project\ball and shoot for adil\GraphicsExtended\Debug\link-rc.write.1.tlog
F:\UIU GOOGLE DRIVE  mali152196@bscse.uiu.ac.bd\SUBJECTWISE RESOURCES CSE UIU\APL LAB -CSI 124\igraphics practise project\ball and shoot for adil\GraphicsExtended\Debug\link.2032-cvtres.read.1.tlog
F:\UIU GOOGLE DRIVE  mali152196@bscse.uiu.ac.bd\SUBJECTWISE RESOURCES CSE UIU\APL LAB -CSI 124\igraphics practise project\ball and shoot for adil\GraphicsExtended\Debug\link.2032-cvtres.write.1.tlog
F:\UIU GOOGLE DRIVE  mali152196@bscse.uiu.ac.bd\SUBJECTWISE RESOURCES CSE UIU\APL LAB -CSI 124\igraphics practise project\ball and shoot for adil\GraphicsExtended\Debug\link.2032-rc.read.1.tlog
F:\UIU GOOGLE DRIVE  mali152196@bscse.uiu.ac.bd\SUBJECTWISE RESOURCES CSE UIU\APL LAB -CSI 124\igraphics practise project\ball and shoot for adil\GraphicsExtended\Debug\link.2032-rc.write.1.tlog
F:\UIU GOOGLE DRIVE  mali152196@bscse.uiu.ac.bd\SUBJECTWISE RESOURCES CSE UIU\APL LAB -CSI 124\igraphics practise project\ball and shoot for adil\GraphicsExtended\Debug\link.2032.read.1.tlog
F:\UIU GOOGLE DRIVE  mali152196@bscse.uiu.ac.bd\SUBJECTWISE RESOURCES CSE UIU\APL LAB -CSI 124\igraphics practise project\ball and shoot for adil\GraphicsExtended\Debug\link.2032.write.1.tlog
F:\UIU GOOGLE DRIVE  mali152196@bscse.uiu.ac.bd\SUBJECTWISE RESOURCES CSE UIU\APL LAB -CSI 124\igraphics practise project\ball and shoot for adil\GraphicsExtended\Debug\link.command.1.tlog
F:\UIU GOOGLE DRIVE  mali152196@bscse.uiu.ac.bd\SUBJECTWISE RESOURCES CSE UIU\APL LAB -CSI 124\igraphics practise project\ball and shoot for adil\GraphicsExtended\Debug\link.read.1.tlog
F:\UIU GOOGLE DRIVE  mali152196@bscse.uiu.ac.bd\SUBJECTWISE RESOURCES CSE UIU\APL LAB -CSI 124\igraphics practise project\ball and shoot for adil\GraphicsExtended\Debug\link.write.1.tlog
F:\UIU GOOGLE DRIVE  mali152196@bscse.uiu.ac.bd\SUBJECTWISE RESOURCES CSE UIU\APL LAB -CSI 124\igraphics practise project\ball and shoot for adil\GraphicsExtended\Debug\vc110.idb
F:\UIU GOOGLE DRIVE  mali152196@bscse.uiu.ac.bd\SUBJECTWISE RESOURCES CSE UIU\APL LAB -CSI 124\igraphics practise project\ball and shoot for adil\GraphicsExtended\Debug\vc110.pdb
F:\UIU GOOGLE DRIVE  mali152196@bscse.uiu.ac.bd\SUBJECTWISE RESOURCES CSE UIU\APL LAB -CSI 124\igraphics practise project\ball and shoot for adil\Debug\GraphicsExtended.pdb
F:\UIU GOOGLE DRIVE  mali152196@bscse.uiu.ac.bd\SUBJECTWISE RESOURCES CSE UIU\APL LAB -CSI 124\igraphics practise project\ball and shoot for adil\Debug\GraphicsExtended.exe
F:\UIU GOOGLE DRIVE  mali152196@bscse.uiu.ac.bd\SUBJECTWISE RESOURCES CSE UIU\APL LAB -CSI 124\igraphics practise project\ball and shoot for adil\Debug\GraphicsExtended.ilk
